<?xml version="1.0" encoding="UTF-8"?>
<testng-results ignored="0" total="11" passed="10" failed="1" skipped="0">
  <reporter-output>
  </reporter-output>
  <suite started-at="2021-12-22T10:03:33 IST" name="Default suite" finished-at="2021-12-22T10:05:39 IST" duration-ms="125644">
    <groups>
    </groups>
    <test started-at="2021-12-22T10:03:33 IST" name="Default test" finished-at="2021-12-22T10:05:39 IST" duration-ms="125644">
      <class name="com.aristiun.dev_sa.Login.Login">
        <test-method is-config="true" signature="OpenBrowser()[pri:0, instance:com.aristiun.dev_sa.Login.Login@6da21078]" started-at="2021-12-22T10:03:33 IST" name="OpenBrowser" finished-at="2021-12-22T10:03:46 IST" duration-ms="12465" status="PASS">
          <reporter-output>
          </reporter-output>
        </test-method> <!-- OpenBrowser -->
        <test-method signature="testLoginFeature(java.lang.String,java.lang.String,java.lang.String,java.lang.String,java.lang.String,java.lang.String)[pri:0, instance:com.aristiun.dev_sa.Login.Login@6da21078]" started-at="2021-12-22T10:03:53 IST" name="testLoginFeature" data-provider="LoginData" finished-at="2021-12-22T10:04:06 IST" duration-ms="12984" status="PASS">
          <params>
            <param index="0">
              <value>
                <![CDATA[saket@travelder.com]]>
              </value>
            </param>
            <param index="1">
              <value>
                <![CDATA[dev_aristiun]]>
              </value>
            </param>
            <param index="2">
              <value>
                <![CDATA[Pass]]>
              </value>
            </param>
            <param index="3">
              <value>
                <![CDATA[https://sa.aristiun.com/app/dashboard]]>
              </value>
            </param>
            <param index="4">
              <value>
                <![CDATA[Pass]]>
              </value>
            </param>
            <param index="5">
              <value>
                <![CDATA[1]]>
              </value>
            </param>
          </params>
          <reporter-output>
          </reporter-output>
        </test-method> <!-- testLoginFeature -->
        <test-method signature="testLoginFeature(java.lang.String,java.lang.String,java.lang.String,java.lang.String,java.lang.String,java.lang.String)[pri:0, instance:com.aristiun.dev_sa.Login.Login@6da21078]" started-at="2021-12-22T10:04:06 IST" name="testLoginFeature" data-provider="LoginData" finished-at="2021-12-22T10:04:14 IST" duration-ms="8526" status="PASS">
          <params>
            <param index="0">
              <value>
                <![CDATA[saket@travelder.com]]>
              </value>
            </param>
            <param index="1">
              <value>
                <![CDATA[aristiun]]>
              </value>
            </param>
            <param index="2">
              <value>
                <![CDATA[Fail]]>
              </value>
            </param>
            <param index="3">
              <value>
                <![CDATA[https://sa.aristiun.com/app/dashboard]]>
              </value>
            </param>
            <param index="4">
              <value>
                <![CDATA[Fail]]>
              </value>
            </param>
            <param index="5">
              <value>
                <![CDATA[2]]>
              </value>
            </param>
          </params>
          <reporter-output>
          </reporter-output>
        </test-method> <!-- testLoginFeature -->
        <test-method signature="testLoginFeature(java.lang.String,java.lang.String,java.lang.String,java.lang.String,java.lang.String,java.lang.String)[pri:0, instance:com.aristiun.dev_sa.Login.Login@6da21078]" started-at="2021-12-22T10:04:14 IST" name="testLoginFeature" data-provider="LoginData" finished-at="2021-12-22T10:04:23 IST" duration-ms="8629" status="PASS">
          <params>
            <param index="0">
              <value>
                <![CDATA[saket@travel.com]]>
              </value>
            </param>
            <param index="1">
              <value>
                <![CDATA[dev_aristiun]]>
              </value>
            </param>
            <param index="2">
              <value>
                <![CDATA[Fail]]>
              </value>
            </param>
            <param index="3">
              <value>
                <![CDATA[https://sa.aristiun.com/app/dashboard]]>
              </value>
            </param>
            <param index="4">
              <value>
                <![CDATA[Fail]]>
              </value>
            </param>
            <param index="5">
              <value>
                <![CDATA[3]]>
              </value>
            </param>
          </params>
          <reporter-output>
          </reporter-output>
        </test-method> <!-- testLoginFeature -->
        <test-method signature="testLoginFeature(java.lang.String,java.lang.String,java.lang.String,java.lang.String,java.lang.String,java.lang.String)[pri:0, instance:com.aristiun.dev_sa.Login.Login@6da21078]" started-at="2021-12-22T10:04:23 IST" name="testLoginFeature" data-provider="LoginData" finished-at="2021-12-22T10:04:32 IST" duration-ms="8902" status="PASS">
          <params>
            <param index="0">
              <value>
                <![CDATA[saket@travel.com]]>
              </value>
            </param>
            <param index="1">
              <value>
                <![CDATA[aristiun]]>
              </value>
            </param>
            <param index="2">
              <value>
                <![CDATA[Fail]]>
              </value>
            </param>
            <param index="3">
              <value>
                <![CDATA[https://sa.aristiun.com/app/dashboard]]>
              </value>
            </param>
            <param index="4">
              <value>
                <![CDATA[Fail]]>
              </value>
            </param>
            <param index="5">
              <value>
                <![CDATA[4]]>
              </value>
            </param>
          </params>
          <reporter-output>
          </reporter-output>
        </test-method> <!-- testLoginFeature -->
        <test-method signature="testLoginFeature(java.lang.String,java.lang.String,java.lang.String,java.lang.String,java.lang.String,java.lang.String)[pri:0, instance:com.aristiun.dev_sa.Login.Login@6da21078]" started-at="2021-12-22T10:04:32 IST" name="testLoginFeature" data-provider="LoginData" finished-at="2021-12-22T10:04:42 IST" duration-ms="10419" status="FAIL">
          <params>
            <param index="0">
              <value>
                <![CDATA[sandeep.akki@assystant.com]]>
              </value>
            </param>
            <param index="1">
              <value>
                <![CDATA[San@3004]]>
              </value>
            </param>
            <param index="2">
              <value>
                <![CDATA[Pass]]>
              </value>
            </param>
            <param index="3">
              <value>
                <![CDATA[https://sa.aristiun.com/app/dashboard]]>
              </value>
            </param>
            <param index="4">
              <value>
                <![CDATA[Fail]]>
              </value>
            </param>
            <param index="5">
              <value>
                <![CDATA[5]]>
              </value>
            </param>
          </params>
          <exception class="java.lang.AssertionError">
            <message>
              <![CDATA[expected [true] but found [false]]]>
            </message>
            <full-stacktrace>
              <![CDATA[java.lang.AssertionError: expected [true] but found [false]
at org.testng.Assert.fail(Assert.java:99)
at org.testng.Assert.failNotEquals(Assert.java:1037)
at org.testng.Assert.assertTrue(Assert.java:45)
at org.testng.Assert.assertTrue(Assert.java:55)
at com.aristiun.dev_sa.Login.Login.testLoginFeature(Login.java:42)
at java.base/jdk.internal.reflect.NativeMethodAccessorImpl.invoke0(Native Method)
at java.base/jdk.internal.reflect.NativeMethodAccessorImpl.invoke(NativeMethodAccessorImpl.java:64)
at java.base/jdk.internal.reflect.DelegatingMethodAccessorImpl.invoke(DelegatingMethodAccessorImpl.java:43)
at java.base/java.lang.reflect.Method.invoke(Method.java:564)
at org.testng.internal.MethodInvocationHelper.invokeMethod(MethodInvocationHelper.java:133)
at org.testng.internal.TestInvoker.invokeMethod(TestInvoker.java:598)
at org.testng.internal.TestInvoker.invokeTestMethod(TestInvoker.java:173)
at org.testng.internal.MethodRunner.runInSequence(MethodRunner.java:46)
at org.testng.internal.TestInvoker$MethodInvocationAgent.invoke(TestInvoker.java:824)
at org.testng.internal.TestInvoker.invokeTestMethods(TestInvoker.java:146)
at org.testng.internal.TestMethodWorker.invokeTestMethods(TestMethodWorker.java:146)
at org.testng.internal.TestMethodWorker.run(TestMethodWorker.java:128)
at java.base/java.util.ArrayList.forEach(ArrayList.java:1511)
at org.testng.TestRunner.privateRun(TestRunner.java:794)
at org.testng.TestRunner.run(TestRunner.java:596)
at org.testng.SuiteRunner.runTest(SuiteRunner.java:377)
at org.testng.SuiteRunner.runSequentially(SuiteRunner.java:371)
at org.testng.SuiteRunner.privateRun(SuiteRunner.java:332)
at org.testng.SuiteRunner.run(SuiteRunner.java:276)
at org.testng.SuiteRunnerWorker.runSuite(SuiteRunnerWorker.java:53)
at org.testng.SuiteRunnerWorker.run(SuiteRunnerWorker.java:96)
at org.testng.TestNG.runSuitesSequentially(TestNG.java:1212)
at org.testng.TestNG.runSuitesLocally(TestNG.java:1134)
at org.testng.TestNG.runSuites(TestNG.java:1063)
at org.testng.TestNG.run(TestNG.java:1031)
at org.testng.remote.AbstractRemoteTestNG.run(AbstractRemoteTestNG.java:115)
at org.testng.remote.RemoteTestNG.initAndRun(RemoteTestNG.java:251)
at org.testng.remote.RemoteTestNG.main(RemoteTestNG.java:77)
]]>
            </full-stacktrace>
          </exception> <!-- java.lang.AssertionError -->
          <reporter-output>
          </reporter-output>
        </test-method> <!-- testLoginFeature -->
        <test-method signature="testLoginFeature(java.lang.String,java.lang.String,java.lang.String,java.lang.String,java.lang.String,java.lang.String)[pri:0, instance:com.aristiun.dev_sa.Login.Login@6da21078]" started-at="2021-12-22T10:04:42 IST" name="testLoginFeature" data-provider="LoginData" finished-at="2021-12-22T10:04:52 IST" duration-ms="9231" status="PASS">
          <params>
            <param index="0">
              <value>
                <![CDATA[SANDEEP.AKKI@ASSYSTANT.COM]]>
              </value>
            </param>
            <param index="1">
              <value>
                <![CDATA[San@3004]]>
              </value>
            </param>
            <param index="2">
              <value>
                <![CDATA[Fail]]>
              </value>
            </param>
            <param index="3">
              <value>
                <![CDATA[https://sa.aristiun.com/app/dashboard]]>
              </value>
            </param>
            <param index="4">
              <value>
                <![CDATA[Fail]]>
              </value>
            </param>
            <param index="5">
              <value>
                <![CDATA[6]]>
              </value>
            </param>
          </params>
          <reporter-output>
          </reporter-output>
        </test-method> <!-- testLoginFeature -->
        <test-method signature="testLoginFeature(java.lang.String,java.lang.String,java.lang.String,java.lang.String,java.lang.String,java.lang.String)[pri:0, instance:com.aristiun.dev_sa.Login.Login@6da21078]" started-at="2021-12-22T10:04:52 IST" name="testLoginFeature" data-provider="LoginData" finished-at="2021-12-22T10:05:01 IST" duration-ms="9072" status="PASS">
          <params>
            <param index="0">
              <value>
                <![CDATA[]]>
              </value>
            </param>
            <param index="1">
              <value>
                <![CDATA[dev_aristiun]]>
              </value>
            </param>
            <param index="2">
              <value>
                <![CDATA[Fail]]>
              </value>
            </param>
            <param index="3">
              <value>
                <![CDATA[https://sa.aristiun.com/app/dashboard]]>
              </value>
            </param>
            <param index="4">
              <value>
                <![CDATA[Fail]]>
              </value>
            </param>
            <param index="5">
              <value>
                <![CDATA[7]]>
              </value>
            </param>
          </params>
          <reporter-output>
          </reporter-output>
        </test-method> <!-- testLoginFeature -->
        <test-method signature="testLoginFeature(java.lang.String,java.lang.String,java.lang.String,java.lang.String,java.lang.String,java.lang.String)[pri:0, instance:com.aristiun.dev_sa.Login.Login@6da21078]" started-at="2021-12-22T10:05:01 IST" name="testLoginFeature" data-provider="LoginData" finished-at="2021-12-22T10:05:10 IST" duration-ms="9319" status="PASS">
          <params>
            <param index="0">
              <value>
                <![CDATA[saket@travelder.com]]>
              </value>
            </param>
            <param index="1">
              <value>
                <![CDATA[]]>
              </value>
            </param>
            <param index="2">
              <value>
                <![CDATA[Fail]]>
              </value>
            </param>
            <param index="3">
              <value>
                <![CDATA[https://sa.aristiun.com/app/dashboard]]>
              </value>
            </param>
            <param index="4">
              <value>
                <![CDATA[Fail]]>
              </value>
            </param>
            <param index="5">
              <value>
                <![CDATA[8]]>
              </value>
            </param>
          </params>
          <reporter-output>
          </reporter-output>
        </test-method> <!-- testLoginFeature -->
        <test-method signature="testLoginFeature(java.lang.String,java.lang.String,java.lang.String,java.lang.String,java.lang.String,java.lang.String)[pri:0, instance:com.aristiun.dev_sa.Login.Login@6da21078]" started-at="2021-12-22T10:05:10 IST" name="testLoginFeature" data-provider="LoginData" finished-at="2021-12-22T10:05:19 IST" duration-ms="9047" status="PASS">
          <params>
            <param index="0">
              <value>
                <![CDATA[9502627001]]>
              </value>
            </param>
            <param index="1">
              <value>
                <![CDATA[12345]]>
              </value>
            </param>
            <param index="2">
              <value>
                <![CDATA[Fail]]>
              </value>
            </param>
            <param index="3">
              <value>
                <![CDATA[https://sa.aristiun.com/app/dashboard]]>
              </value>
            </param>
            <param index="4">
              <value>
                <![CDATA[Fail]]>
              </value>
            </param>
            <param index="5">
              <value>
                <![CDATA[9]]>
              </value>
            </param>
          </params>
          <reporter-output>
          </reporter-output>
        </test-method> <!-- testLoginFeature -->
        <test-method signature="testLoginFeature(java.lang.String,java.lang.String,java.lang.String,java.lang.String,java.lang.String,java.lang.String)[pri:0, instance:com.aristiun.dev_sa.Login.Login@6da21078]" started-at="2021-12-22T10:05:19 IST" name="testLoginFeature" data-provider="LoginData" finished-at="2021-12-22T10:05:29 IST" duration-ms="9829" status="PASS">
          <params>
            <param index="0">
              <value>
                <![CDATA[9.19503E+11]]>
              </value>
            </param>
            <param index="1">
              <value>
                <![CDATA[#123]]>
              </value>
            </param>
            <param index="2">
              <value>
                <![CDATA[Fail]]>
              </value>
            </param>
            <param index="3">
              <value>
                <![CDATA[https://sa.aristiun.com/app/dashboard]]>
              </value>
            </param>
            <param index="4">
              <value>
                <![CDATA[Fail]]>
              </value>
            </param>
            <param index="5">
              <value>
                <![CDATA[10]]>
              </value>
            </param>
          </params>
          <reporter-output>
          </reporter-output>
        </test-method> <!-- testLoginFeature -->
        <test-method signature="testLoginFeature(java.lang.String,java.lang.String,java.lang.String,java.lang.String,java.lang.String,java.lang.String)[pri:0, instance:com.aristiun.dev_sa.Login.Login@6da21078]" started-at="2021-12-22T10:05:29 IST" name="testLoginFeature" data-provider="LoginData" finished-at="2021-12-22T10:05:38 IST" duration-ms="8830" status="PASS">
          <params>
            <param index="0">
              <value>
                <![CDATA[#7676922789]]>
              </value>
            </param>
            <param index="1">
              <value>
                <![CDATA[#12132]]>
              </value>
            </param>
            <param index="2">
              <value>
                <![CDATA[Fail]]>
              </value>
            </param>
            <param index="3">
              <value>
                <![CDATA[https://sa.aristiun.com/app/dashboard]]>
              </value>
            </param>
            <param index="4">
              <value>
                <![CDATA[Fail]]>
              </value>
            </param>
            <param index="5">
              <value>
                <![CDATA[11]]>
              </value>
            </param>
          </params>
          <reporter-output>
          </reporter-output>
        </test-method> <!-- testLoginFeature -->
        <test-method is-config="true" signature="CloseBrowser()[pri:0, instance:com.aristiun.dev_sa.Login.Login@6da21078]" started-at="2021-12-22T10:05:38 IST" name="CloseBrowser" finished-at="2021-12-22T10:05:39 IST" duration-ms="1198" status="PASS">
          <reporter-output>
          </reporter-output>
        </test-method> <!-- CloseBrowser -->
      </class> <!-- com.aristiun.dev_sa.Login.Login -->
    </test> <!-- Default test -->
  </suite> <!-- Default suite -->
</testng-results>
