<?xml version="1.0" encoding="UTF-8"?>
<testng-results ignored="0" total="1" passed="1" failed="0" skipped="0">
  <reporter-output>
  </reporter-output>
  <suite started-at="2022-01-17T11:22:05 IST" name="Default suite" finished-at="2022-01-17T11:23:34 IST" duration-ms="88960">
    <groups>
    </groups>
    <test started-at="2022-01-17T11:22:05 IST" name="Default test" finished-at="2022-01-17T11:23:34 IST" duration-ms="88960">
      <class name="Templates.Create_Template">
        <test-method is-config="true" signature="OpenBrowser()[pri:0, instance:Templates.Create_Template@2b91004a]" started-at="2022-01-17T11:22:05 IST" name="OpenBrowser" finished-at="2022-01-17T11:22:34 IST" duration-ms="29462" status="PASS">
          <reporter-output>
          </reporter-output>
        </test-method> <!-- OpenBrowser -->
        <test-method is-config="true" signature="login()[pri:0, instance:Templates.Create_Template@2b91004a]" started-at="2022-01-17T11:22:34 IST" name="login" finished-at="2022-01-17T11:22:39 IST" duration-ms="4855" status="PASS">
          <reporter-output>
          </reporter-output>
        </test-method> <!-- login -->
        <test-method signature="testCreateTemplate(java.lang.String,java.lang.String,java.lang.String,java.lang.String,java.lang.String,java.lang.String,java.lang.String,java.lang.String,java.lang.String,java.lang.String,java.lang.String,java.lang.String,java.lang.String,java.lang.String,java.lang.String,java.lang.String,java.lang.String,java.lang.String)[pri:0, instance:Templates.Create_Template@2b91004a]" started-at="2022-01-17T11:22:59 IST" name="testCreateTemplate" data-provider="Create Template" finished-at="2022-01-17T11:23:16 IST" duration-ms="17109" status="PASS">
          <params>
            <param index="0">
              <value>
                <![CDATA[Lorem Ipsum]]>
              </value>
            </param>
            <param index="1">
              <value>
                <![CDATA[Lorem ipsum dolor sit amet consectetur adipiscing elit purus, nec magna mi conubia suscipit proin fermentum, augue phasellus a ridiculus velit posuere tristique.]]>
              </value>
            </param>
            <param index="2">
              <value>
                <![CDATA[Lorem ipsum dolor sit amet consectetur adipiscing elit purus, nec magna mi conubia suscipit proin fermentum, augue phasellus a ridiculus velit posuere tristique.]]>
              </value>
            </param>
            <param index="3">
              <value>
                <![CDATA[Lorem ipsum dolor sit amet consectetur adipiscing elit purus, nec magna mi conubia suscipit proin fermentum, augue phasellus a ridiculus velit posuere tristique.]]>
              </value>
            </param>
            <param index="4">
              <value>
                <![CDATA[Lorem ipsum dolor sit amet consectetur adipiscing elit purus, nec magna mi conubia suscipit proin fermentum, augue phasellus a ridiculus velit posuere tristique.]]>
              </value>
            </param>
            <param index="5">
              <value>
                <![CDATA[Lorem ipsum dolor sit amet consectetur adipiscing elit purus, nec magna mi conubia suscipit proin fermentum, augue phasellus a ridiculus velit posuere tristique.]]>
              </value>
            </param>
            <param index="6">
              <value>
                <![CDATA[Lorem ipsum dolor sit amet consectetur adipiscing elit purus, nec magna mi conubia suscipit proin fermentum, augue phasellus a ridiculus velit posuere tristique.]]>
              </value>
            </param>
            <param index="7">
              <value>
                <![CDATA[Lorem ipsum dolor sit amet consectetur adipiscing elit purus, nec magna mi conubia suscipit proin fermentum, augue phasellus a ridiculus velit posuere tristique.]]>
              </value>
            </param>
            <param index="8">
              <value>
                <![CDATA[Lorem ipsum dolor sit amet consectetur adipiscing elit purus, nec magna mi conubia suscipit proin fermentum, augue phasellus a ridiculus velit posuere tristique.]]>
              </value>
            </param>
            <param index="9">
              <value>
                <![CDATA[Lorem ipsum dolor sit amet consectetur adipiscing elit purus, nec magna mi conubia suscipit proin fermentum, augue phasellus a ridiculus velit posuere tristique.]]>
              </value>
            </param>
            <param index="10">
              <value>
                <![CDATA[Lorem ipsum dolor sit amet consectetur adipiscing elit purus, nec magna mi conubia suscipit proin fermentum, augue phasellus a ridiculus velit posuere tristique.]]>
              </value>
            </param>
            <param index="11">
              <value>
                <![CDATA[Lorem ipsum dolor sit amet consectetur adipiscing elit purus, nec magna mi conubia suscipit proin fermentum, augue phasellus a ridiculus velit posuere tristique.]]>
              </value>
            </param>
            <param index="12">
              <value>
                <![CDATA[Lorem ipsum dolor sit amet consectetur adipiscing elit purus, nec magna mi conubia suscipit proin fermentum, augue phasellus a ridiculus velit posuere tristique.]]>
              </value>
            </param>
            <param index="13">
              <value>
                <![CDATA[Lorem ipsum dolor sit amet consectetur adipiscing elit purus, nec magna mi conubia suscipit proin fermentum, augue phasellus a ridiculus velit posuere tristique.]]>
              </value>
            </param>
            <param index="14">
              <value>
                <![CDATA[Lorem ipsum dolor sit amet consectetur adipiscing elit purus, nec magna mi conubia suscipit proin fermentum, augue phasellus a ridiculus velit posuere tristique.]]>
              </value>
            </param>
            <param index="15">
              <value>
                <![CDATA[Lorem ipsum dolor sit amet consectetur adipiscing elit purus, nec magna mi conubia suscipit proin fermentum, augue phasellus a ridiculus velit posuere tristique.]]>
              </value>
            </param>
            <param index="16">
              <value>
                <![CDATA[Lorem ipsum dolor sit amet consectetur adipiscing elit purus, nec magna mi conubia suscipit proin fermentum, augue phasellus a ridiculus velit posuere tristique.]]>
              </value>
            </param>
            <param index="17">
              <value>
                <![CDATA[Lorem ipsum dolor sit amet consectetur adipiscing elit purus, nec magna mi conubia suscipit proin fermentum, augue phasellus a ridiculus velit posuere tristique.]]>
              </value>
            </param>
          </params>
          <reporter-output>
          </reporter-output>
        </test-method> <!-- testCreateTemplate -->
        <test-method is-config="true" signature="logout()[pri:0, instance:Templates.Create_Template@2b91004a]" started-at="2022-01-17T11:23:16 IST" name="logout" finished-at="2022-01-17T11:23:16 IST" duration-ms="415" status="PASS">
          <reporter-output>
          </reporter-output>
        </test-method> <!-- logout -->
        <test-method is-config="true" signature="CloseBrowser()[pri:0, instance:Templates.Create_Template@2b91004a]" started-at="2022-01-17T11:23:16 IST" name="CloseBrowser" finished-at="2022-01-17T11:23:34 IST" duration-ms="17752" status="PASS">
          <reporter-output>
          </reporter-output>
        </test-method> <!-- CloseBrowser -->
      </class> <!-- Templates.Create_Template -->
    </test> <!-- Default test -->
  </suite> <!-- Default suite -->
</testng-results>
