<?xml version="1.0" encoding="UTF-8"?>
<testng-results ignored="0" total="1" passed="1" failed="0" skipped="0">
  <reporter-output>
  </reporter-output>
  <suite started-at="2022-01-04T17:01:24 IST" name="Default suite" finished-at="2022-01-04T17:01:46 IST" duration-ms="22060">
    <groups>
    </groups>
    <test started-at="2022-01-04T17:01:24 IST" name="Default test" finished-at="2022-01-04T17:01:46 IST" duration-ms="22060">
      <class name="Reports.ControlReport">
        <test-method is-config="true" signature="OpenBrowser()[pri:0, instance:Reports.ControlReport@53fdffa1]" started-at="2022-01-04T17:01:24 IST" name="OpenBrowser" finished-at="2022-01-04T17:01:30 IST" duration-ms="6700" status="PASS">
          <reporter-output>
          </reporter-output>
        </test-method> <!-- OpenBrowser -->
        <test-method is-config="true" signature="login()[pri:0, instance:Reports.ControlReport@53fdffa1]" started-at="2022-01-04T17:01:30 IST" name="login" finished-at="2022-01-04T17:01:31 IST" duration-ms="978" status="PASS">
          <reporter-output>
          </reporter-output>
        </test-method> <!-- login -->
        <test-method signature="testGeneratingControlReport()[pri:0, instance:Reports.ControlReport@53fdffa1]" started-at="2022-01-04T17:01:31 IST" name="testGeneratingControlReport" finished-at="2022-01-04T17:01:44 IST" duration-ms="13040" status="PASS">
          <reporter-output>
          </reporter-output>
        </test-method> <!-- testGeneratingControlReport -->
        <test-method is-config="true" signature="logout()[pri:0, instance:Reports.ControlReport@53fdffa1]" started-at="2022-01-04T17:01:44 IST" name="logout" finished-at="2022-01-04T17:01:45 IST" duration-ms="223" status="PASS">
          <reporter-output>
          </reporter-output>
        </test-method> <!-- logout -->
        <test-method is-config="true" signature="CloseBrowser()[pri:0, instance:Reports.ControlReport@53fdffa1]" started-at="2022-01-04T17:01:45 IST" name="CloseBrowser" finished-at="2022-01-04T17:01:46 IST" duration-ms="1040" status="PASS">
          <reporter-output>
          </reporter-output>
        </test-method> <!-- CloseBrowser -->
      </class> <!-- Reports.ControlReport -->
    </test> <!-- Default test -->
  </suite> <!-- Default suite -->
</testng-results>
