<?xml version="1.0" encoding="UTF-8"?>
<!-- Generated by org.testng.reporters.JUnitXMLReporter -->
<testsuite ignored="8" hostname="DESKTOP-2MQ9SDJ" failures="0" tests="5" name="Test_Risks" time="104.757" errors="0" timestamp="2022-01-22T19:44:06 IST">
  <testcase classname="Risks_Module.CreatingRisk" name="testAddRisks" time="14.078"/>
  <testcase classname="Risks_Module.EditRisk" name="testEditRisk" time="23.029"/>
  <testcase classname="Risks_Module.detachResource" name="testDetachResourceFromRisk" time="26.963"/>
  <testcase classname="Risks_Module.filterRisks" name="testFilterRisks" time="9.581"/>
  <testcase classname="Risks_Module.deleteRisk" name="testDeleteRisk" time="15.977"/>
  <testcase classname="Controls_Module.SecurityAssessments.BaseClass" name="@BeforeTest OpenBrowser" time="0.0">
    <ignored/>
  </testcase> <!-- @BeforeTest OpenBrowser -->
  <testcase classname="Controls_Module.SecurityAssessments.BaseClass" name="@BeforeTest OpenBrowser" time="0.0">
    <ignored/>
  </testcase> <!-- @BeforeTest OpenBrowser -->
  <testcase classname="Controls_Module.SecurityAssessments.BaseClass" name="@BeforeTest OpenBrowser" time="0.0">
    <ignored/>
  </testcase> <!-- @BeforeTest OpenBrowser -->
  <testcase classname="Controls_Module.SecurityAssessments.BaseClass" name="@BeforeTest OpenBrowser" time="0.0">
    <ignored/>
  </testcase> <!-- @BeforeTest OpenBrowser -->
  <testcase classname="Controls_Module.SecurityAssessments.BaseClass" name="@AfterTest CloseBrowser" time="0.0">
    <ignored/>
  </testcase> <!-- @AfterTest CloseBrowser -->
  <testcase classname="Controls_Module.SecurityAssessments.BaseClass" name="@AfterTest CloseBrowser" time="0.0">
    <ignored/>
  </testcase> <!-- @AfterTest CloseBrowser -->
  <testcase classname="Controls_Module.SecurityAssessments.BaseClass" name="@AfterTest CloseBrowser" time="0.0">
    <ignored/>
  </testcase> <!-- @AfterTest CloseBrowser -->
  <testcase classname="Controls_Module.SecurityAssessments.BaseClass" name="@AfterTest CloseBrowser" time="0.0">
    <ignored/>
  </testcase> <!-- @AfterTest CloseBrowser -->
</testsuite> <!-- Test_Risks -->
