<?xml version="1.0" encoding="UTF-8"?>
<testng-results ignored="0" total="1" passed="1" failed="0" skipped="0">
  <reporter-output>
  </reporter-output>
  <suite started-at="2022-01-04T15:45:06 IST" name="Default suite" finished-at="2022-01-04T15:45:45 IST" duration-ms="38978">
    <groups>
    </groups>
    <test started-at="2022-01-04T15:45:06 IST" name="Default test" finished-at="2022-01-04T15:45:45 IST" duration-ms="38978">
      <class name="Resource_Model.AssessmentsTab">
        <test-method is-config="true" signature="OpenBrowser()[pri:0, instance:Resource_Model.AssessmentsTab@383bfa16]" started-at="2022-01-04T15:45:06 IST" name="OpenBrowser" finished-at="2022-01-04T15:45:14 IST" duration-ms="7444" status="PASS">
          <reporter-output>
          </reporter-output>
        </test-method> <!-- OpenBrowser -->
        <test-method is-config="true" signature="login()[pri:0, instance:Resource_Model.AssessmentsTab@383bfa16]" started-at="2022-01-04T15:45:14 IST" name="login" finished-at="2022-01-04T15:45:15 IST" duration-ms="808" status="PASS">
          <reporter-output>
          </reporter-output>
        </test-method> <!-- login -->
        <test-method signature="testPublishAssessments()[pri:0, instance:Resource_Model.AssessmentsTab@383bfa16]" started-at="2022-01-04T15:45:15 IST" name="testPublishAssessments" finished-at="2022-01-04T15:45:44 IST" duration-ms="29280" status="PASS">
          <reporter-output>
          </reporter-output>
        </test-method> <!-- testPublishAssessments -->
        <test-method is-config="true" signature="logout()[pri:0, instance:Resource_Model.AssessmentsTab@383bfa16]" started-at="2022-01-04T15:45:44 IST" name="logout" finished-at="2022-01-04T15:45:44 IST" duration-ms="194" status="PASS">
          <reporter-output>
          </reporter-output>
        </test-method> <!-- logout -->
        <test-method is-config="true" signature="CloseBrowser()[pri:0, instance:Resource_Model.AssessmentsTab@383bfa16]" started-at="2022-01-04T15:45:44 IST" name="CloseBrowser" finished-at="2022-01-04T15:45:45 IST" duration-ms="1147" status="PASS">
          <reporter-output>
          </reporter-output>
        </test-method> <!-- CloseBrowser -->
      </class> <!-- Resource_Model.AssessmentsTab -->
    </test> <!-- Default test -->
  </suite> <!-- Default suite -->
</testng-results>
